[    0.000000] Linux version 4.15.0-52-generic (buildd@lgw01-amd64-051) (gcc version 7.3.0 (Ubuntu 7.3.0-16ubuntu3)) #56-Ubuntu SMP Tue Jun 4 22:49:08 UTC 2019 (Ubuntu 4.15.0-52.56-generic 4.15.18)
[    0.000000] Command line: BOOT_IMAGE=/boot/vmlinuz-4.15.0-52-generic root=LABEL=cloudimg-rootfs ro console=tty1 console=ttyS0
[    0.000000] KERNEL supported cpus:
[    0.000000]   Intel GenuineIntel
[    0.000000]   AMD AuthenticAMD
[    0.000000]   Centaur CentaurHauls
[    0.000000] x86/fpu: Supporting XSAVE feature 0x001: 'x87 floating point registers'
[    0.000000] x86/fpu: Supporting XSAVE feature 0x002: 'SSE registers'
[    0.000000] x86/fpu: Supporting XSAVE feature 0x004: 'AVX registers'
[    0.000000] x86/fpu: xstate_offset[2]:  576, xstate_sizes[2]:  256
[    0.000000] x86/fpu: Enabled xstate features 0x7, context size is 832 bytes, using 'standard' format.
[    0.000000] e820: BIOS-provided physical RAM map:
[    0.000000] BIOS-e820: [mem 0x0000000000000000-0x000000000009fbff] usable
[    0.000000] BIOS-e820: [mem 0x000000000009fc00-0x000000000009ffff] reserved
[    0.000000] BIOS-e820: [mem 0x00000000000f0000-0x00000000000fffff] reserved
[    0.000000] BIOS-e820: [mem 0x0000000000100000-0x00000000dffeffff] usable
[    0.000000] BIOS-e820: [mem 0x00000000dfff0000-0x00000000dfffffff] ACPI data
[    0.000000] BIOS-e820: [mem 0x00000000fec00000-0x00000000fec00fff] reserved
[    0.000000] BIOS-e820: [mem 0x00000000fee00000-0x00000000fee00fff] reserved
[    0.000000] BIOS-e820: [mem 0x00000000fffc0000-0x00000000ffffffff] reserved
[    0.000000] BIOS-e820: [mem 0x0000000100000000-0x000000021fffffff] usable
[    0.000000] NX (Execute Disable) protection: active
[    0.000000] SMBIOS 2.5 present.
[    0.000000] DMI: innotek GmbH VirtualBox/VirtualBox, BIOS VirtualBox 12/01/2006
[    0.000000] Hypervisor detected: KVM
[    0.000000] e820: last_pfn = 0x220000 max_arch_pfn = 0x400000000
[    0.000000] MTRR: Disabled
[    0.000000] x86/PAT: MTRRs disabled, skipping PAT initialization too.
[    0.000000] CPU MTRRs all blank - virtualized system.
[    0.000000] x86/PAT: Configuration [0-7]: WB  WT  UC- UC  WB  WT  UC- UC  
[    0.000000] e820: last_pfn = 0xdfff0 max_arch_pfn = 0x400000000
[    0.000000] found SMP MP-table at [mem 0x0009fff0-0x0009ffff] mapped at [        (ptrval)]
[    0.000000] Scanning 1 areas for low memory corruption
[    0.000000] RAMDISK: [mem 0x35a93000-0x36d40fff]
[    0.000000] ACPI: Early table checksum verification disabled
[    0.000000] ACPI: RSDP 0x00000000000E0000 000024 (v02 VBOX  )
[    0.000000] ACPI: XSDT 0x00000000DFFF0030 00003C (v01 VBOX   VBOXXSDT 00000001 ASL  00000061)
[    0.000000] ACPI: FACP 0x00000000DFFF00F0 0000F4 (v04 VBOX   VBOXFACP 00000001 ASL  00000061)
[    0.000000] ACPI: DSDT 0x00000000DFFF0470 0022EA (v02 VBOX   VBOXBIOS 00000002 INTL 20100528)
[    0.000000] ACPI: FACS 0x00000000DFFF0200 000040
[    0.000000] ACPI: FACS 0x00000000DFFF0200 000040
[    0.000000] ACPI: APIC 0x00000000DFFF0240 00005C (v02 VBOX   VBOXAPIC 00000001 ASL  00000061)
[    0.000000] ACPI: SSDT 0x00000000DFFF02A0 0001CC (v01 VBOX   VBOXCPUT 00000002 INTL 20100528)
[    0.000000] No NUMA configuration found
[    0.000000] Faking a node at [mem 0x0000000000000000-0x000000021fffffff]
[    0.000000] NODE_DATA(0) allocated [mem 0x21ffd4000-0x21fffefff]
[    0.000000] kvm-clock: cpu 0, msr 2:1ff53001, primary cpu clock
[    0.000000] kvm-clock: Using msrs 4b564d01 and 4b564d00
[    0.000000] kvm-clock: using sched offset of 3433624746 cycles
[    0.000000] clocksource: kvm-clock: mask: 0xffffffffffffffff max_cycles: 0x1cd42e4dffb, max_idle_ns: 881590591483 ns
[    0.000000] Zone ranges:
[    0.000000]   DMA      [mem 0x0000000000001000-0x0000000000ffffff]
[    0.000000]   DMA32    [mem 0x0000000001000000-0x00000000ffffffff]
[    0.000000]   Normal   [mem 0x0000000100000000-0x000000021fffffff]
[    0.000000]   Device   empty
[    0.000000] Movable zone start for each node
[    0.000000] Early memory node ranges
[    0.000000]   node   0: [mem 0x0000000000001000-0x000000000009efff]
[    0.000000]   node   0: [mem 0x0000000000100000-0x00000000dffeffff]
[    0.000000]   node   0: [mem 0x0000000100000000-0x000000021fffffff]
[    0.000000] Reserved but unavailable: 114 pages
[    0.000000] Initmem setup node 0 [mem 0x0000000000001000-0x000000021fffffff]
[    0.000000] ACPI: PM-Timer IO Port: 0x4008
[    0.000000] IOAPIC[0]: apic_id 2, version 32, address 0xfec00000, GSI 0-23
[    0.000000] ACPI: INT_SRC_OVR (bus 0 bus_irq 0 global_irq 2 dfl dfl)
[    0.000000] ACPI: INT_SRC_OVR (bus 0 bus_irq 9 global_irq 9 low level)
[    0.000000] Using ACPI (MADT) for SMP configuration information
[    0.000000] smpboot: Allowing 2 CPUs, 0 hotplug CPUs
[    0.000000] PM: Registered nosave memory: [mem 0x00000000-0x00000fff]
[    0.000000] PM: Registered nosave memory: [mem 0x0009f000-0x0009ffff]
[    0.000000] PM: Registered nosave memory: [mem 0x000a0000-0x000effff]
[    0.000000] PM: Registered nosave memory: [mem 0x000f0000-0x000fffff]
[    0.000000] PM: Registered nosave memory: [mem 0xdfff0000-0xdfffffff]
[    0.000000] PM: Registered nosave memory: [mem 0xe0000000-0xfebfffff]
[    0.000000] PM: Registered nosave memory: [mem 0xfec00000-0xfec00fff]
[    0.000000] PM: Registered nosave memory: [mem 0xfec01000-0xfedfffff]
[    0.000000] PM: Registered nosave memory: [mem 0xfee00000-0xfee00fff]
[    0.000000] PM: Registered nosave memory: [mem 0xfee01000-0xfffbffff]
[    0.000000] PM: Registered nosave memory: [mem 0xfffc0000-0xffffffff]
[    0.000000] e820: [mem 0xe0000000-0xfebfffff] available for PCI devices
[    0.000000] Booting paravirtualized kernel on KVM
[    0.000000] clocksource: refined-jiffies: mask: 0xffffffff max_cycles: 0xffffffff, max_idle_ns: 7645519600211568 ns
[    0.000000] random: get_random_bytes called from start_kernel+0x99/0x4fd with crng_init=0
[    0.000000] setup_percpu: NR_CPUS:8192 nr_cpumask_bits:2 nr_cpu_ids:2 nr_node_ids:1
[    0.000000] percpu: Embedded 46 pages/cpu @        (ptrval) s151552 r8192 d28672 u1048576
[    0.000000] PV qspinlock hash table entries: 256 (order: 0, 4096 bytes)
[    0.000000] Built 1 zonelists, mobility grouping on.  Total pages: 2064249
[    0.000000] Policy zone: Normal
[    0.000000] Kernel command line: BOOT_IMAGE=/boot/vmlinuz-4.15.0-52-generic root=LABEL=cloudimg-rootfs ro console=tty1 console=ttyS0
[    0.000000] Memory: 8142844K/8388152K available (12300K kernel code, 2473K rwdata, 4272K rodata, 2408K init, 2416K bss, 245308K reserved, 0K cma-reserved)
[    0.000000] SLUB: HWalign=64, Order=0-3, MinObjects=0, CPUs=2, Nodes=1
[    0.000000] Kernel/User page tables isolation: enabled
[    0.000000] ftrace: allocating 39216 entries in 154 pages
[    0.004000] Hierarchical RCU implementation.
[    0.004000] 	RCU restricting CPUs from NR_CPUS=8192 to nr_cpu_ids=2.
[    0.004000] 	Tasks RCU enabled.
[    0.004000] RCU: Adjusting geometry for rcu_fanout_leaf=16, nr_cpu_ids=2
[    0.004000] NR_IRQS: 524544, nr_irqs: 440, preallocated irqs: 16
[    0.004000] Console: colour VGA+ 80x25
[    0.004000] console [tty1] enabled
[    0.004000] console [ttyS0] enabled
[    0.004000] ACPI: Core revision 20170831
[    0.004000] ACPI: 2 ACPI AML tables successfully acquired and loaded
[    0.004000] APIC: Switch to symmetric I/O mode setup
[    0.004000] x2apic enabled
[    0.004000] Switched APIC routing to physical x2apic.
[    0.004000] ..TIMER: vector=0x30 apic1=0 pin1=2 apic2=-1 pin2=-1
[    0.004000] tsc: Detected 2208.002 MHz processor
[    0.004005] Calibrating delay loop (skipped) preset value.. 4416.00 BogoMIPS (lpj=8832008)
[    0.005065] pid_max: default: 32768 minimum: 301
[    0.005704] Security Framework initialized
[    0.006274] Yama: becoming mindful.
[    0.006792] AppArmor: AppArmor initialized
[    0.028091] Dentry cache hash table entries: 1048576 (order: 11, 8388608 bytes)
[    0.048087] Inode-cache hash table entries: 524288 (order: 10, 4194304 bytes)
[    0.052020] Mount-cache hash table entries: 16384 (order: 5, 131072 bytes)
[    0.052925] Mountpoint-cache hash table entries: 16384 (order: 5, 131072 bytes)
[    0.054098] mce: CPU supports 0 MCE banks
[    0.056013] Last level iTLB entries: 4KB 64, 2MB 8, 4MB 8
[    0.056725] Last level dTLB entries: 4KB 64, 2MB 0, 4MB 0, 1GB 4
[    0.057561] Spectre V2 : Mitigation: Full generic retpoline
[    0.058291] Spectre V2 : Spectre v2 / SpectreRSB mitigation: Filling RSB on context switch
[    0.059355] Speculative Store Bypass: Vulnerable
[    0.060021] MDS: Vulnerable: Clear CPU buffers attempted, no microcode
[    0.060924] Freeing SMP alternatives memory: 36K
[    0.064000] smpboot: CPU0: Intel(R) Core(TM) i7-8750H CPU @ 2.20GHz (family: 0x6, model: 0x9e, stepping: 0xa)
[    0.064000] Performance Events: unsupported p6 CPU model 158 no PMU driver, software events only.
[    0.064000] Hierarchical SRCU implementation.
[    0.064000] NMI watchdog: Perf event create on CPU 0 failed with -2
[    0.064001] NMI watchdog: Perf NMI watchdog permanently disabled
[    0.068000] smp: Bringing up secondary CPUs ...
[    0.068056] x86: Booting SMP configuration:
[    0.068657] .... node  #0, CPUs:      #1
[    0.004000] kvm-clock: cpu 1, msr 2:1ff53041, secondary cpu clock
[    0.004000] mce: CPU supports 0 MCE banks
[    0.072015] smp: Brought up 1 node, 2 CPUs
[    0.072563] smpboot: Max logical packages: 1
[    0.073152] smpboot: Total of 2 processors activated (8832.00 BogoMIPS)
[    0.074147] devtmpfs: initialized
[    0.074147] x86/mm: Memory block size: 128MB
[    0.076405] evm: security.selinux
[    0.076958] evm: security.SMACK64
[    0.077405] evm: security.SMACK64EXEC
[    0.077920] evm: security.SMACK64TRANSMUTE
[    0.078488] evm: security.SMACK64MMAP
[    0.078997] evm: security.apparmor
[    0.079492] evm: security.ima
[    0.080001] evm: security.capability
[    0.080530] clocksource: jiffies: mask: 0xffffffff max_cycles: 0xffffffff, max_idle_ns: 7645041785100000 ns
[    0.081261] futex hash table entries: 512 (order: 3, 32768 bytes)
[    0.082094] pinctrl core: initialized pinctrl subsystem
[    0.082865] RTC time: 23:18:21, date: 08/26/19
[    0.084128] NET: Registered protocol family 16
[    0.084803] audit: initializing netlink subsys (disabled)
[    0.085533] audit: type=2000 audit(1566861508.332:1): state=initialized audit_enabled=0 res=1
[    0.085533] cpuidle: using governor ladder
[    0.085533] cpuidle: using governor menu
[    0.088023] ACPI: bus type PCI registered
[    0.088582] acpiphp: ACPI Hot Plug PCI Controller Driver version: 0.5
[    0.089488] PCI: Using configuration type 1 for base access
[    0.090228] HugeTLB registered 2.00 MiB page size, pre-allocated 0 pages
[    0.092048] ACPI: Added _OSI(Module Device)
[    0.092600] ACPI: Added _OSI(Processor Device)
[    0.093210] ACPI: Added _OSI(3.0 _SCP Extensions)
[    0.093846] ACPI: Added _OSI(Processor Aggregator Device)
[    0.094523] ACPI: Added _OSI(Linux-Dell-Video)
[    0.095107] ACPI: Added _OSI(Linux-Lenovo-NV-HDMI-Audio)
[    0.096002] ACPI: Added _OSI(Linux-HPI-Hybrid-Graphics)
[    0.096972] ACPI: Executed 1 blocks of module-level executable AML code
[    0.101024] ACPI: Interpreter enabled
[    0.101591] ACPI: (supports S0 S5)
[    0.102073] ACPI: Using IOAPIC for interrupt routing
[    0.102913] PCI: Using host bridge windows from ACPI; if necessary, use "pci=nocrs" and report a bug
[    0.104000] ACPI: Enabled 2 GPEs in block 00 to 07
[    0.108800] ACPI: PCI Root Bridge [PCI0] (domain 0000 [bus 00-ff])
[    0.109614] acpi PNP0A03:00: _OSC: OS supports [ASPM ClockPM Segments MSI]
[    0.110838] acpi PNP0A03:00: _OSC: not requesting OS control; OS requires [ExtendedConfig ASPM ClockPM MSI]
[    0.112000] acpi PNP0A03:00: fail to add MMCONFIG information, can't access extended PCI configuration space under this bridge.
[    0.112250] PCI host bridge to bus 0000:00
[    0.112824] pci_bus 0000:00: root bus resource [io  0x0000-0x0cf7 window]
[    0.113681] pci_bus 0000:00: root bus resource [io  0x0d00-0xffff window]
[    0.116002] pci_bus 0000:00: root bus resource [mem 0x000a0000-0x000bffff window]
[    0.117065] pci_bus 0000:00: root bus resource [mem 0xe0000000-0xfdffffff window]
[    0.118036] pci_bus 0000:00: root bus resource [bus 00-ff]
[    0.120880] pci 0000:00:01.1: legacy IDE quirk: reg 0x10: [io  0x01f0-0x01f7]
[    0.121770] pci 0000:00:01.1: legacy IDE quirk: reg 0x14: [io  0x03f6]
[    0.122585] pci 0000:00:01.1: legacy IDE quirk: reg 0x18: [io  0x0170-0x0177]
[    0.123472] pci 0000:00:01.1: legacy IDE quirk: reg 0x1c: [io  0x0376]
[    0.185078] pci 0000:00:07.0: quirk: [io  0x4000-0x403f] claimed by PIIX4 ACPI
[    0.186128] pci 0000:00:07.0: quirk: [io  0x4100-0x410f] claimed by PIIX4 SMB
[    0.224686] ACPI: PCI Interrupt Link [LNKA] (IRQs 5 9 10 *11)
[    0.225769] ACPI: PCI Interrupt Link [LNKB] (IRQs 5 9 *10 11)
[    0.226604] ACPI: PCI Interrupt Link [LNKC] (IRQs 5 *9 10 11)
[    0.227484] ACPI: PCI Interrupt Link [LNKD] (IRQs 5 9 10 *11)
[    0.228214] SCSI subsystem initialized
[    0.228873] pci 0000:00:02.0: vgaarb: setting as boot VGA device
[    0.228873] pci 0000:00:02.0: vgaarb: VGA device added: decodes=io+mem,owns=io+mem,locks=none
[    0.229941] pci 0000:00:02.0: vgaarb: bridge control possible
[    0.230783] vgaarb: loaded
[    0.232015] ACPI: bus type USB registered
[    0.232663] usbcore: registered new interface driver usbfs
[    0.233417] usbcore: registered new interface driver hub
[    0.234157] usbcore: registered new device driver usb
[    0.234909] EDAC MC: Ver: 3.0.0
[    0.236077] PCI: Using ACPI for IRQ routing
[    0.236849] NetLabel: Initializing
[    0.237368] NetLabel:  domain hash size = 128
[    0.238008] NetLabel:  protocols = UNLABELED CIPSOv4 CALIPSO
[    0.238793] NetLabel:  unlabeled traffic allowed by default
[    0.239621] clocksource: Switched to clocksource kvm-clock
[    0.324525] VFS: Disk quotas dquot_6.6.0
[    0.325171] VFS: Dquot-cache hash table entries: 512 (order 0, 4096 bytes)
[    0.326238] AppArmor: AppArmor Filesystem Enabled
[    0.326948] pnp: PnP ACPI init
[    0.328172] pnp: PnP ACPI: found 3 devices
[    0.336529] clocksource: acpi_pm: mask: 0xffffff max_cycles: 0xffffff, max_idle_ns: 2085701024 ns
[    0.337948] NET: Registered protocol family 2
[    0.338629] TCP established hash table entries: 65536 (order: 7, 524288 bytes)
[    0.339685] TCP bind hash table entries: 65536 (order: 8, 1048576 bytes)
[    0.367896] TCP: Hash tables configured (established 65536 bind 65536)
[    0.368805] UDP hash table entries: 4096 (order: 5, 131072 bytes)
[    0.369710] UDP-Lite hash table entries: 4096 (order: 5, 131072 bytes)
[    0.370615] NET: Registered protocol family 1
[    0.371219] pci 0000:00:00.0: Limiting direct PCI/PCI transfers
[    0.372064] pci 0000:00:01.0: Activating ISA DMA hang workarounds
[    0.372930] pci 0000:00:02.0: Video device with shadowed ROM at [mem 0x000c0000-0x000dffff]
[    0.374144] Unpacking initramfs...
[    1.448433] Freeing initrd memory: 19128K
[    1.449316] PCI-DMA: Using software bounce buffering for IO (SWIOTLB)
[    1.450184] software IO TLB [mem 0xdbff0000-0xdfff0000] (64MB) mapped at [        (ptrval)-        (ptrval)]
[    1.451484] clocksource: tsc: mask: 0xffffffffffffffff max_cycles: 0x1fd3ba1610f, max_idle_ns: 440795284337 ns
[    1.452986] platform rtc_cmos: registered platform RTC device (no PNP device found)
[    1.454120] Scanning for low memory corruption every 60 seconds
[    1.455657] Initialise system trusted keyrings
[    1.456246] Key type blacklist registered
[    1.456883] workingset: timestamp_bits=36 max_order=21 bucket_order=0
[    1.458317] zbud: loaded
[    1.459142] squashfs: version 4.0 (2009/01/31) Phillip Lougher
[    1.460158] fuse init (API version 7.26)
[    1.501560] Key type asymmetric registered
[    1.502084] Asymmetric key parser 'x509' registered
[    1.502717] Block layer SCSI generic (bsg) driver version 0.4 loaded (major 246)
[    1.503664] io scheduler noop registered
[    1.504172] io scheduler deadline registered
[    1.504716] io scheduler cfq registered (default)
[    1.505478] ACPI: AC Adapter [AC] (on-line)
[    1.506085] input: Power Button as /devices/LNXSYSTM:00/LNXPWRBN:00/input/input0
[    1.507196] ACPI: Power Button [PWRF]
[    1.507810] input: Sleep Button as /devices/LNXSYSTM:00/LNXSLPBN:00/input/input1
[    1.508804] ACPI: Sleep Button [SLPF]
[    1.509650] Serial: 8250/16550 driver, 32 ports, IRQ sharing enabled
[    1.510168] ACPI: Battery Slot [BAT0] (battery present)
[    1.531588] 00:02: ttyS0 at I/O 0x3f8 (irq = 4, base_baud = 115200) is a 16550A
[    1.533591] Linux agpgart interface v0.103
[    1.570027] loop: module loaded
[    1.570914] scsi host0: ata_piix
[    1.571529] scsi host1: ata_piix
[    1.572031] ata1: PATA max UDMA/33 cmd 0x1f0 ctl 0x3f6 bmdma 0xd000 irq 14
[    1.572920] ata2: PATA max UDMA/33 cmd 0x170 ctl 0x376 bmdma 0xd008 irq 15
[    1.573818] libphy: Fixed MDIO Bus: probed
[    1.574394] tun: Universal TUN/TAP device driver, 1.6
[    1.575115] PPP generic driver version 2.4.2
[    1.575755] ehci_hcd: USB 2.0 'Enhanced' Host Controller (EHCI) Driver
[    1.576647] ehci-pci: EHCI PCI platform driver
[    1.577280] ehci-platform: EHCI generic platform driver
[    1.577977] ohci_hcd: USB 1.1 'Open' Host Controller (OHCI) Driver
[    1.578787] ohci-pci: OHCI PCI platform driver
[    1.579401] ohci-platform: OHCI generic platform driver
[    1.580106] uhci_hcd: USB Universal Host Controller Interface driver
[    1.581045] i8042: PNP: PS/2 Controller [PNP0303:PS2K,PNP0f03:PS2M] at 0x60,0x64 irq 1,12
[    1.582555] serio: i8042 KBD port at 0x60,0x64 irq 1
[    1.583220] serio: i8042 AUX port at 0x60,0x64 irq 12
[    1.583940] mousedev: PS/2 mouse device common for all mice
[    1.585042] input: AT Translated Set 2 keyboard as /devices/platform/i8042/serio0/input/input2
[    1.586428] rtc_cmos rtc_cmos: rtc core: registered rtc_cmos as rtc0
[    1.587300] rtc_cmos rtc_cmos: alarms up to one day, 114 bytes nvram
[    1.588131] i2c /dev entries driver
[    1.588689] device-mapper: uevent: version 1.0.3
[    1.589336] device-mapper: ioctl: 4.37.0-ioctl (2017-09-20) initialised: dm-devel@redhat.com
[    1.590485] ledtrig-cpu: registered to indicate activity on CPUs
[    1.591581] NET: Registered protocol family 10
[    1.594570] Segment Routing with IPv6
[    1.595088] NET: Registered protocol family 17
[    1.595812] Key type dns_resolver registered
[    1.596659] RAS: Correctable Errors collector initialized.
[    1.597417] sched_clock: Marking stable (1596614106, 0)->(3938479771, -2341865665)
[    1.598650] registered taskstats version 1
[    1.599210] Loading compiled-in X.509 certificates
[    1.601437] Loaded X.509 cert 'Build time autogenerated kernel key: 090ea8f218b1de455a55c926855dfde92833e981'
[    1.602702] zswap: loaded using pool lzo/zbud
[    1.605644] Key type big_key registered
[    1.606178] Key type trusted registered
[    1.607742] Key type encrypted registered
[    1.608329] AppArmor: AppArmor sha1 policy hashing enabled
[    1.609133] ima: No TPM chip found, activating TPM-bypass! (rc=-19)
[    1.610013] ima: Allocated hash algorithm: sha1
[    1.610641] evm: HMAC attrs: 0x1
[    1.611285]   Magic number: 15:678:353
[    1.611946] rtc_cmos rtc_cmos: setting system clock to 2019-08-26 23:18:23 UTC (1566861503)
[    1.613245] BIOS EDD facility v0.16 2004-Jun-25, 0 devices found
[    1.614008] EDD information not available.
[    1.740436] Freeing unused kernel image memory: 2408K
[    1.752172] Write protecting the kernel read-only data: 20480k
[    1.753480] Freeing unused kernel image memory: 2008K
[    1.754382] Freeing unused kernel image memory: 1872K
[    1.759382] x86/mm: Checked W+X mappings: passed, no W+X pages found.
[    1.760268] x86/mm: Checking user space page tables
[    1.765191] x86/mm: Checked W+X mappings: passed, no W+X pages found.
Loading, please wait...
starting version 237
[    1.918965] Fusion MPT base driver 3.04.20
[    1.919563] Copyright (c) 1999-2008 LSI Corporation
[    1.925893] Fusion MPT SPI Host driver 3.04.20
[    1.927083] e1000: Intel(R) PRO/1000 Network Driver - version 7.3.21-k8-NAPI
[    1.928007] e1000: Copyright (c) 1999-2006 Intel Corporation.
[    1.935165] mptbase: ioc0: Initiating bringup
[    1.943838] AVX2 version of gcm_enc/dec engaged.
[    1.944569] AES CTR mode by8 optimization enabled
[    2.082320] ioc0: LSI53C1030 A0: Capabilities={Initiator}
[    2.199254] input: ImExPS/2 Generic Explorer Mouse as /devices/platform/i8042/serio1/input/input4
[    3.318377] scsi host2: ioc0: LSI53C1030 A0, FwRev=00000000h, Ports=1, MaxQ=256, IRQ=20
[    4.058958] scsi 2:0:0:0: Direct-Access     VBOX     HARDDISK         1.0  PQ: 0 ANSI: 5
[    4.080017] scsi target2:0:0: Beginning Domain Validation
[    4.084561] scsi target2:0:0: Domain Validation skipping write tests
[    4.085510] scsi target2:0:0: Ending Domain Validation
[    4.086288] scsi target2:0:0: asynchronous
[    4.087895] scsi 2:0:1:0: Direct-Access     VBOX     HARDDISK         1.0  PQ: 0 ANSI: 5
[    4.120608] scsi target2:0:1: Beginning Domain Validation
[    4.137654] random: fast init done
[    4.165675] scsi target2:0:1: Domain Validation skipping write tests
[    4.166560] scsi target2:0:1: Ending Domain Validation
[    4.167458] scsi target2:0:1: asynchronous
[    4.179847] sd 2:0:0:0: [sda] 20971520 512-byte logical blocks: (10.7 GB/10.0 GiB)
[    4.180986] sd 2:0:0:0: [sda] Write Protect is off
[    4.182269] random: systemd-udevd: uninitialized urandom read (16 bytes read)
[    4.183216] random: systemd-udevd: uninitialized urandom read (16 bytes read)
[    4.184195] sd 2:0:0:0: [sda] Incomplete mode parameter data
[    4.184953] sd 2:0:0:0: [sda] Assuming drive cache: write through
[    4.185783] sd 2:0:0:0: Attached scsi generic sg0 type 0
[    4.186783] sd 2:0:1:0: Attached scsi generic sg1 type 0
[    4.187758] random: systemd-udevd: uninitialized urandom read (16 bytes read)
[    4.188938] sd 2:0:1:0: [sdb] 20480 512-byte logical blocks: (10.5 MB/10.0 MiB)
[    4.190029] sd 2:0:1:0: [sdb] Write Protect is off
[    4.190858] sd 2:0:1:0: [sdb] Incomplete mode parameter data
[    4.191646] sd 2:0:1:0: [sdb] Assuming drive cache: write through
[    4.193207]  sda: sda1
[    4.194574] sd 2:0:0:0: [sda] Attached SCSI disk
[    4.195950] sd 2:0:1:0: [sdb] Attached SCSI disk
[    4.427855] e1000 0000:00:03.0 eth0: (PCI:33MHz:32-bit) 02:9b:34:e4:fb:b3
[    4.428838] e1000 0000:00:03.0 eth0: Intel(R) PRO/1000 Network Connection
[    4.783067] e1000 0000:00:08.0 eth1: (PCI:33MHz:32-bit) 08:00:27:ef:dd:eb
[    4.783948] e1000 0000:00:08.0 eth1: Intel(R) PRO/1000 Network Connection
[    4.785649] e1000 0000:00:03.0 enp0s3: renamed from eth0
[    4.809380] e1000 0000:00:08.0 enp0s8: renamed from eth1
Begin: Loading essential drivers ... [    6.185496] raid6: sse2x1   gen() 13969 MB/s
[    6.232268] raid6: sse2x1   xor()  9672 MB/s
[    6.280015] raid6: sse2x2   gen() 16893 MB/s
[    6.328852] raid6: sse2x2   xor() 11083 MB/s
[    6.376636] raid6: sse2x4   gen() 19263 MB/s
[    6.424465] raid6: sse2x4   xor() 12134 MB/s
[    6.472326] raid6: avx2x1   gen() 27393 MB/s
[    6.520109] raid6: avx2x1   xor() 18867 MB/s
[    6.568009] raid6: avx2x2   gen() 27001 MB/s
[    6.616755] raid6: avx2x2   xor() 20680 MB/s
[    6.664578] raid6: avx2x4   gen() 37090 MB/s
[    6.712225] raid6: avx2x4   xor() 22658 MB/s
[    6.712852] raid6: using algorithm avx2x4 gen() 37090 MB/s
[    6.713674] raid6: .... xor() 22658 MB/s, rmw enabled
[    6.714339] raid6: using avx2x2 recovery algorithm
[    6.716163] xor: automatically using best checksumming function   avx       
[    6.717975] async_tx: api initialized (async)
done.
Begin: Running /scripts/init-premount ... done.
Begin: Mounting root file system ... Begin: Running /scripts/local-top ... done.
Begin: Running /scripts/local-premount ... [    6.756503] Btrfs loaded, crc32c=crc32c-intel
Scanning for Btrfs filesystems
done.
Warning: fsck not present, so skipping root file system
[    6.775611] EXT4-fs (sda1): mounted filesystem with ordered data mode. Opts: (null)
done.
Begin: Running /scripts/local-bottom ... done.
Begin: Running /scripts/init-bottom ... done.
[    6.892811] ip_tables: (C) 2000-2006 Netfilter Core Team
[    6.898789] systemd[1]: systemd 237 running in system mode. (+PAM +AUDIT +SELINUX +IMA +APPARMOR +SMACK +SYSVINIT +UTMP +LIBCRYPTSETUP +GCRYPT +GNUTLS +ACL +XZ +LZ4 +SECCOMP +BLKID +ELFUTILS +KMOD -IDN2 +IDN -PCRE2 default-hierarchy=hybrid)
[    6.901468] systemd[1]: Detected virtualization oracle.
[    6.902172] systemd[1]: Detected architecture x86-64.

Welcome to [1mUbuntu 18.04.2 LTS[0m!

[    6.917795] systemd[1]: Set hostname to <ubuntu>.
[    6.921360] systemd[1]: Initializing machine ID from random generator.
[    6.922259] systemd[1]: Installed transient /etc/machine-id file.
[    7.182985] systemd[1]: Reached target User and Group Name Lookups.
[[0;32m  OK  [0m] Reached target User and Group Name Lookups.
[    7.196543] systemd[1]: Reached target System Time Synchronized.
[[0;32m  OK  [0m] Reached target System Time Synchronized.
[    7.209391] systemd[1]: Created slice User and Session Slice.
[[0;32m  OK  [0m] Created slice User and Session Slice.
[    7.220034] systemd[1]: Reached target Swap.
[[0;32m  OK  [0m] Reached target Swap.
[[0;32m  OK  [0m] Created slice System Slice.
[[0;32m  OK  [0m] Listening on Journal Audit Socket.
[[0;32m  OK  [0m] Listening on Syslog Socket.
[[0;32m  OK  [0m] Reached target Slices.
[[0;32m  OK  [0m] Listening on Device-mapper event daemon FIFOs.
[[0;32m  OK  [0m] Listening on /dev/initctl Compatibility Named Pipe.
[[0;32m  OK  [0m] Listening on udev Control Socket.
[[0;32m  OK  [0m] Listening on Journal Socket.
         Starting Uncomplicated firewall...
         Mounting Kernel Debug File System...
         Starting Set the console keyboard layout...
         Starting Load Kernel Modules...
[[0;32m  OK  [0m] Listening on Network Service Netlink Socket.
[[0;32m  OK  [0m] Listening on LVM2 poll daemon socket.
[[0;32m  OK  [0m] Listening on Journal Socket (/dev/log).
[    7.429741] Loading iSCSI transport class v2.0-870.
         Starting Journal Service...
[[0;32m  OK  [0m] Created slice system-serial\x2dgetty.slice.
[    7.435036] iscsi: registered transport (tcp)
         Starting Create list of required st…ce nodes for the current kernel...
[[0;32m  OK  [0m] Listening on LVM2 metadata daemon socket.
         Starting Monitoring of LVM2 mirrors…ng dmeventd or progress polling...
         Mounting Huge Pages File System...
[[0;32m  OK  [0m] Started Forward Password Requests to Wall Directory Watch.
[    7.497078] iscsi: registered transport (iser)
         Starting Remount Root and Kernel File Systems...
[[0;32m  OK  [0m] Set up automount Arbitrary Executab…rmats File System Automount Point.
         Mounting POSIX Message Queue File System...
[[0;32m  OK  [0m] Listening on udev Kernel Socket.
         Starting udev Coldplug all Devices...
[[0;32m  OK  [0m] Started Uncomplicated firewall.
[[0;32m  OK  [0m] Mounted Kernel Debug File System.
[[0;32m  OK  [0m] Started Load Kernel Modules.
[    7.747085] EXT4-fs (sda1): re-mounted. Opts: (null)
[[0;32m  OK  [0m] Started Journal Service.
[[0;32m  OK  [0m] Started Create list of required sta…vice nodes for the current kernel.
[[0;32m  OK  [0m] Mounted Huge Pages File System.
[[0;32m  OK  [0m] Started Remount Root and Kernel File Systems.
[[0;32m  OK  [0m] Mounted POSIX Message Queue File System.
[[0;32m  OK  [0m] Started LVM2 metadata daemon.
         Starting Load/Save Random Seed...
         Starting Create Static Device Nodes in /dev...
         Starting Flush Journal to Persistent Storage...
         Mounting Kernel Configuration File System...
         Starting Apply Kernel Variables...
         Mounting FUSE Control File System...
[[0;32m  OK  [0m] Started Monitoring of LVM2 mirrors,…sing dmeventd or progress polling.
[[0;32m  OK  [0m] Started udev Coldplug all Devices.
[[0;32m  OK  [0m] Started Load/Save Random Seed.
[[0;32m  OK  [0m] Mounted Kernel Configuration File System.
[[0;32m  OK  [0m] Mounted FUSE Control File System.
[[0;32m  OK  [0m] Started Apply Kernel Variables.
[[0;32m  OK  [0m] Started Create Static Device Nodes in /dev.
         Starting udev Kernel Device Manager...
[[0;32m  OK  [0m] Started Flush Journal to Persistent Storage.
[[0;32m  OK  [0m] Started udev Kernel Device Manager.
[[0;32m  OK  [0m] Found device /dev/ttyS0.
[[0;32m  OK  [0m] Listening on Load/Save RF Kill Switch Status /dev/rfkill Watch.
[[0;32m  OK  [0m] Started Set the console keyboard layout.
[[0;32m  OK  [0m] Started Dispatch Password Requests to Console Directory Watch.
[[0;32m  OK  [0m] Reached target Local Encrypted Volumes.
[[0;32m  OK  [0m] Reached target Local File Systems (Pre).
[[0;32m  OK  [0m] Reached target Local File Systems.
         Starting Commit a transient machine-id on disk...
         Starting Create Volatile Files and Directories...
         Starting ebtables ruleset management...
         Starting Tell Plymouth To Write Out Runtime Data...
         Starting Set console font and keymap...
         Starting AppArmor initialization...
[[0;32m  OK  [0m] Started Tell Plymouth To Write Out Runtime Data.
[[0;32m  OK  [0m] Started Commit a transient machine-id on disk.
[[0;32m  OK  [0m] Started Create Volatile Files and Directories.
         Starting Update UTMP about System Boot/Shutdown...
[[0;32m  OK  [0m] Started Update UTMP about System Boot/Shutdown.
[[0;32m  OK  [0m] Started ebtables ruleset management.
[[0;32m  OK  [0m] Started AppArmor initialization.
         Starting Initial cloud-init job (pre-networking)...
[[0;32m  OK  [0m] Started Set console font and keymap.
[   11.712872] cloud-init[719]: Cloud-init v. 19.1-1-gbaa47854-0ubuntu1~18.04.1 running 'init-local' at Mon, 26 Aug 2019 23:18:33 +0000. Up 11.21 seconds.
[[0;32m  OK  [0m] Started Initial cloud-init job (pre-networking).
[[0;32m  OK  [0m] Reached target Network (Pre).
         Starting Network Service...
[[0;32m  OK  [0m] Started Network Service.
         Starting Wait for Network to be Configured...
         Starting Network Name Resolution...
[[0;32m  OK  [0m] Started Network Name Resolution.
[[0;32m  OK  [0m] Reached target Network.
[[0;32m  OK  [0m] Reached target Host and Network Name Lookups.
[[0;32m  OK  [0m] Started Wait for Network to be Configured.
         Starting Initial cloud-init job (metadata service crawler)...
[   13.416212] cloud-init[1023]: Cloud-init v. 19.1-1-gbaa47854-0ubuntu1~18.04.1 running 'init' at Mon, 26 Aug 2019 23:18:35 +0000. Up 13.31 seconds.
[   13.417268] cloud-init[1023]: ci-info: ++++++++++++++++++++++++++++++++++++++Net device info+++++++++++++++++++++++++++++++++++++++
[   13.418217] cloud-init[1023]: ci-info: +--------+-------+----------------------------+---------------+--------+-------------------+
[   13.419298] cloud-init[1023]: ci-info: | Device |   Up  |          Address           |      Mask     | Scope  |     Hw-Address    |
[   13.420601] cloud-init[1023]: ci-info: +--------+-------+----------------------------+---------------+--------+-------------------+
[   13.421767] cloud-init[1023]: ci-info: | enp0s3 |  True |         10.0.2.15          | 255.255.255.0 | global | 02:9b:34:e4:fb:b3 |
[   13.422870] cloud-init[1023]: ci-info: | enp0s3 |  True | fe80::9b:34ff:fee4:fbb3/64 |       .       |  link  | 02:9b:34:e4:fb:b3 |
[   13.423983] cloud-init[1023]: ci-info: | enp0s8 | False |             .              |       .       |   .    | 08:00:27:ef:dd:eb |
[   13.425148] cloud-init[1023]: ci-info: |   lo   |  True |         127.0.0.1          |   255.0.0.0   |  host  |         .         |
[   13.426263] cloud-init[1023]: ci-info: |   lo   |  True |          ::1/128           |       .       |  host  |         .         |
[   13.427333] cloud-init[1023]: ci-info: +--------+-------+----------------------------+---------------+--------+-------------------+
[   13.428320] cloud-init[1023]: ci-info: ++++++++++++++++++++++++++++Route IPv4 info+++++++++++++++++++++++++++++
[   13.429155] cloud-init[1023]: ci-info: +-------+-------------+----------+-----------------+-----------+-------+
[   13.429979] cloud-init[1023]: ci-info: | Route | Destination | Gateway  |     Genmask     | Interface | Flags |
[   13.430799] cloud-init[1023]: ci-info: +-------+-------------+----------+-----------------+-----------+-------+
[   13.431596] cloud-init[1023]: ci-info: |   0   |   0.0.0.0   | 10.0.2.2 |     0.0.0.0     |   enp0s3  |   UG  |
[   13.432446] cloud-init[1023]: ci-info: |   1   |   10.0.2.0  | 0.0.0.0  |  255.255.255.0  |   enp0s3  |   U   |
[   13.433275] cloud-init[1023]: ci-info: |   2   |   10.0.2.2  | 0.0.0.0  | 255.255.255.255 |   enp0s3  |   UH  |
[   13.434103] cloud-init[1023]: ci-info: +-------+-------------+----------+-----------------+-----------+-------+
[   13.434927] cloud-init[1023]: ci-info: +++++++++++++++++++Route IPv6 info+++++++++++++++++++
[   13.435638] cloud-init[1023]: ci-info: +-------+-------------+---------+-----------+-------+
[   13.436364] cloud-init[1023]: ci-info: | Route | Destination | Gateway | Interface | Flags |
[   13.437077] cloud-init[1023]: ci-info: +-------+-------------+---------+-----------+-------+
[   13.437867] cloud-init[1023]: ci-info: |   1   |  fe80::/64  |    ::   |   enp0s3  |   U   |
[   13.438586] cloud-init[1023]: ci-info: |   3   |    local    |    ::   |   enp0s3  |   U   |
[   13.439308] cloud-init[1023]: ci-info: |   4   |   ff00::/8  |    ::   |   enp0s3  |   U   |
[   13.440030] cloud-init[1023]: ci-info: +-------+-------------+---------+-----------+-------+
[   14.461974] cloud-init[1023]: Generating public/private rsa key pair.
[   14.462508] cloud-init[1023]: Your identification has been saved in /etc/ssh/ssh_host_rsa_key.
[   14.472345] cloud-init[1023]: Your public key has been saved in /etc/ssh/ssh_host_rsa_key.pub.
[   14.472935] cloud-init[1023]: The key fingerprint is:
[   14.484502] cloud-init[1023]: SHA256:h+QzWrkmCd4b2x52iQgYI2yUDbyNe2Gas4KB8wyXMco root@ubuntu-bionic
[   14.485098] cloud-init[1023]: The key's randomart image is:
[[0;32m  OK  [0m] Started Initial cloud-init job (metadata service crawler).
[[0;32m  OK  [0m] Reached target Cloud-config availability.
[[0;32m  OK  [0m] Reached target Network is Online.
[   14.502793] cloud-init[1023]: +---[RSA 2048]----+
[   14.505088] cloud-init[1023]: |.o+              |
         Starting Availability of block devices...
[[0;32m  OK  [0m] Reached target Remote File Systems (Pre).
[[0;32m  OK  [0m] Reached target Remote File Systems.
[[0;32m  OK  [0m] Reached target System Initialization.
[[0;32m  OK  [0m] Started Daily Cleanup of Temporary Directories.
[[0;32m  OK  [0m] Listening on ACPID Listen Socket.
[   14.522374] cloud-init[1023]: |oo .             |
[   14.537176] cloud-init[1023]: |.o*     .        |
[   14.537665] cloud-init[1023]: |.+oB   o o       |
[   14.538124] cloud-init[1023]: |o.*++   S .      |
[   14.538643] cloud-init[1023]: |*Eoo + = * .     |
[   14.539126] cloud-init[1023]: |.B+ . B * o      |
[   14.539604] cloud-init[1023]: |o.o    O o       |
[   14.540080] cloud-init[1023]: |.     o.o        |
[   14.540552] cloud-init[1023]: +----[SHA256]-----+
[   14.541012] cloud-init[1023]: Generating public/private dsa key pair.
[   14.541638] cloud-init[1023]: Your identification has been saved in /etc/ssh/ssh_host_dsa_key.
[   14.542431] cloud-init[1023]: Your public key has been saved in /etc/ssh/ssh_host_dsa_key.pub.
[   14.543225] cloud-init[1023]: The key fingerprint is:
[   14.543710] cloud-init[1023]: SHA256:cVoZJjd5nSYnFA2l71ru4OvBZ/wSGAWqkr8ABU5GUiU root@ubuntu-bionic
[[   14.544513] cloud-init[1023]: The key's randomart image is:
[   14.544576] cloud-init[1023]: +---[DSA 1024]----+
[   14.544893] cloud-init[1023]: |  .oE.. . =o=B.. |
[   14.545202] cloud-init[1023]: |   = o   +.=+.B  |
[   14.545523] cloud-init[1023]: |    . . . =..*   |
[   14.545824] cloud-init[1023]: |     . . *  ..   |
[   14.546128] cloud-init[1023]: |    . o S    o.  |
[   14.546445] cloud-init[1023]: |     . o   ..o.  |
[   14.546746] cloud-init[1023]: |      . .   + *. |
[   14.547053] cloud-init[1023]: |       . . . O.. |
[   14.547365] cloud-init[1023]: |        .  .=oo..|
[   14.547665] cloud-init[1023]: +----[SHA256]-----+
[   14.547990] cloud-init[1023]: Generating public/private ecdsa key pair.
[   14.548300] cloud-init[1023]: Your identification has been saved in /etc/ssh/ssh_host_ecdsa_key.
[   14.548595] cloud-init[1023]: Your public key has been saved in /etc/ssh/ssh_host_ecdsa_key.pub.
[   14.548900] cloud-init[1023]: The key fingerprint is:
[   14.549208] cloud-init[1023]: SHA256:1CPoIT1oIu2HLHErpyJxb5VLfTd/gEPJV/4Y57Z0rXo root@ubuntu-bionic
[   14.549528] cloud-init[1023]: The key's randomart image is:
[   14.549825] cloud-init[1023]: +---[ECDSA 256]---+
[   14.550132] cloud-init[1023]: |                .|
[   14.550443] cloud-init[1023]: | .   o . . . . o |
[   14.550745] cloud-init[1023]: |o + + = o o + o o|
[   14.551049] cloud-init[1023]: | * = o * . o o =o|
[   14.551365] cloud-init[1023]: |+ B . = S . = o.*|
[   14.551661] cloud-init[1023]: | B o o . . . +.+o|
[   14.551968] cloud-init[1023]: |+   o .       o..|
[   14.552289] cloud-init[1023]: |o  .         .E. |
[   14.552586] cloud-init[1023]: |            ..   |
[   14.552889] cloud-init[1023]: +----[SHA256]-----+
[   14.553209] cloud-init[1023]: Generating public/private ed25519 key pair.
[   14.553510] cloud-init[1023]: Your identification has been saved in /etc/ssh/ssh_host_ed25519_key.
[   14.553815] cloud-init[1023]: Your public key has been saved in /etc/ssh/ssh_host_ed25519_key.pub.
[   14.554234] cloud-init[1023]: The key fingerprint is:
[   14.554533] cloud-init[1023]: SHA256:lFay0mUZE3Gcy0tvdVhHYsNT+YpVlYpemFAf2RMibfc root@ubuntu-bionic
[   14.554842] cloud-init[1023]: The key's randomart image is:
[   14.555153] cloud-init[1023]: +--[ED25519 256]--+
[   14.555456] cloud-init[1023]: |        . XOo=*+O|
[   14.555761] cloud-init[1023]: |       . O.o===O+|
[   14.556191] cloud-init[1023]: |      . * ..=oo==|
[   14.556494] cloud-init[1023]: |       +   ++oo E|
[   14.556797] cloud-init[1023]: |        S ...= o.|
[   14.557113] cloud-init[1023]: |           .o +  |
[   14.557412] cloud-init[1023]: |             .   |
[   14.557721] cloud-init[1023]: |                 |
[   14.558260] cloud-init[1023]: |                 |
[   14.558496] cloud-init[1023]: +----[SHA256]-----+
[0;32m  OK  [0m] Started ACPI Events Check.
[[0;32m  OK  [0m] Started Message of the Day.
[[0;32m  OK  [0m] Started Discard unused blocks once a week.
         Starting Socket activation for snappy daemon.
[[0;32m  OK  [0m] Listening on D-Bus System Message Bus Socket.
[[0;32m  OK  [0m] Listening on Open-iSCSI iscsid Socket.
         Starting LXD - unix socket.
[[0;32m  OK  [0m] Listening on UUID daemon activation socket.
[[0;32m  OK  [0m] Reached target Paths.
[[0;32m  OK  [0m] Started Daily apt download activities.
[[0;32m  OK  [0m] Started Daily apt upgrade and clean activities.
[[0;32m  OK  [0m] Reached target Timers.
[[0;32m  OK  [0m] Started Availability of block devices.
[[0;32m  OK  [0m] Listening on Socket activation for snappy daemon.
[[0;32m  OK  [0m] Listening on LXD - unix socket.
[[0;32m  OK  [0m] Reached target Sockets.
[[0;32m  OK  [0m] Reached target Basic System.
         Starting Pollinate to seed the pseudo random number generator...
[[0;32m  OK  [0m] Started irqbalance daemon.
[[0;32m  OK  [0m] Started FUSE filesystem for LXC.
         Starting Login Service...
         Starting Permit User Sessions...
[[0;32m  OK  [0m] Started D-Bus System Message Bus.
         Starting LSB: automatic crash report generation...
[[0;32m  OK  [0m] Started Regular background program processing daemon.
         Starting LSB: Record successful boot for GRUB...
         Starting Virtualbox guest utils...
         Starting System Logging Service...
         Starting Accounts Service...
         Starting LXD - container startup/shutdown...
         Starting Dispatcher daemon for systemd-networkd...
[[0;32m  OK  [0m] Started Deferred execution scheduler.
         Starting Snappy daemon...
[[0;32m  OK  [0m] Started System Logging Service.
[[0;32m  OK  [0m] Started Permit User Sessions.
[[0;32m  OK  [0m] Started Login Service.
         Starting Authorization Manager...
[[0;32m  OK  [0m] Started Unattended Upgrades Shutdown.
         Starting Terminate Plymouth Boot Screen...
         Starting Hold until boot process finishes up...
[[0;32m  OK  [0m] Started LSB: automatic crash report generation.
[[0;32m  OK  [0m] Started Terminate Plymouth Boot Screen.
[[0;32m  OK  [0m] Started Hold until boot process finishes up.
         Starting Set console scheme...
[[0;32m  OK  [0m] Started Serial Getty on ttyS0.
[[0;32m  OK  [0m] Started Set console scheme.
[[0;32m  OK  [0m] Created slice system-getty.slice.
[[0;32m  OK  [0m] Started Getty on tty1.
[[0;32m  OK  [0m] Reached target Login Prompts.
[[0;32m  OK  [0m] Started LSB: Record successful boot for GRUB.
[[0;32m  OK  [0m] Started Authorization Manager.
[[0;32m  OK  [0m] Started Accounts Service.
[[0;32m  OK  [0m] Started Virtualbox guest utils.
[[0;32m  OK  [0m] Started Dispatcher daemon for systemd-networkd.
[[0;32m  OK  [0m] Started LXD - container startup/shutdown.
[[0;32m  OK  [0m] Started Snappy daemon.
         Starting Wait until snapd is fully seeded...
[[0;32m  OK  [0m] Started Pollinate to seed the pseudo random number generator.
         Starting OpenBSD Secure Shell server...
[[0;32m  OK  [0m] Started OpenBSD Secure Shell server.
[[0;32m  OK  [0m] Created slice User Slice of vagrant.
         Starting User Manager for UID 1000...
[[0;32m  OK  [0m] Started Session 1 of user vagrant.
[[0;32m  OK  [0m] Started User Manager for UID 1000.

Ubuntu 18.04.2 LTS ubuntu-bionic ttyS0

ubuntu-bionic login: [   22.429341] cloud-init[1778]: Cloud-init v. 19.1-1-gbaa47854-0ubuntu1~18.04.1 running 'modules:config' at Mon, 26 Aug 2019 23:18:43 +0000. Up 21.80 seconds.
ci-info: no authorized ssh keys fingerprints found for user ubuntu.
<14>Aug 26 23:18:44 ec2: 
<14>Aug 26 23:18:44 ec2: #############################################################
<14>Aug 26 23:18:44 ec2: -----BEGIN SSH HOST KEY FINGERPRINTS-----
<14>Aug 26 23:18:44 ec2: 1024 SHA256:cVoZJjd5nSYnFA2l71ru4OvBZ/wSGAWqkr8ABU5GUiU root@ubuntu-bionic (DSA)
<14>Aug 26 23:18:44 ec2: 256 SHA256:1CPoIT1oIu2HLHErpyJxb5VLfTd/gEPJV/4Y57Z0rXo root@ubuntu-bionic (ECDSA)
<14>Aug 26 23:18:44 ec2: 256 SHA256:lFay0mUZE3Gcy0tvdVhHYsNT+YpVlYpemFAf2RMibfc root@ubuntu-bionic (ED25519)
<14>Aug 26 23:18:44 ec2: 2048 SHA256:h+QzWrkmCd4b2x52iQgYI2yUDbyNe2Gas4KB8wyXMco root@ubuntu-bionic (RSA)
<14>Aug 26 23:18:44 ec2: -----END SSH HOST KEY FINGERPRINTS-----
<14>Aug 26 23:18:44 ec2: #############################################################
-----BEGIN SSH HOST KEY KEYS-----
ecdsa-sha2-nistp256 AAAAE2VjZHNhLXNoYTItbmlzdHAyNTYAAAAIbmlzdHAyNTYAAABBBFbLDmFouiw9byua8GW3MovhNJHHHOdhHpT7QVrQKIbwKiaaGkFeSS06NOlBgkznT5uhuyq4WFjGYgQuLzuAGws= root@ubuntu-bionic
ssh-ed25519 AAAAC3NzaC1lZDI1NTE5AAAAIB8UyEcQzp0inbHISQ12ryak7rl53btugo8q8R+gfQE9 root@ubuntu-bionic
ssh-rsa AAAAB3NzaC1yc2EAAAADAQABAAABAQDGFWKvsQus3RqBH6u3xon/kaC4H9+CE+YYP7jEGIoKZw5NewVACuwEOBNafBcA2xubR9ok6s5JTo6mOlOEAc3W1M8jcCahWmuRUjR0Y31inqkvPUFo2gu4cQQj/unI2UB9xZAcLXV/AmGTLoq7vTeYbpX2QreTGHONYT6rGGJuhIpbIB4YBAdQsIzXJFzEa39G4UrYkRq5bOtHRY8E8YhqAjT6Ul+RpnpWSHrnZnK7StD7ZuCPkEG/ziZJxeZZcWY5N3Ca6PuCN6HKjPxW923JKMrmMCYe3zjnNBl7nI2Gj4uOAlOxXud64EKQT9TSFhJoDOQ2wO+XwafrfrhzFAS7 root@ubuntu-bionic
-----END SSH HOST KEY KEYS-----
[   22.808081] cloud-init[1920]: Cloud-init v. 19.1-1-gbaa47854-0ubuntu1~18.04.1 running 'modules:final' at Mon, 26 Aug 2019 23:18:44 +0000. Up 22.71 seconds.
[   22.808320] cloud-init[1920]: ci-info: no authorized ssh keys fingerprints found for user ubuntu.
[   22.808353] cloud-init[1920]: Cloud-init v. 19.1-1-gbaa47854-0ubuntu1~18.04.1 finished at Mon, 26 Aug 2019 23:18:44 +0000. Datasource DataSourceNoCloud [seed=/dev/sdb][dsmode=net].  Up 22.80 seconds
